  stdafx.cpp
  Background.cpp
  Camera.cpp
  CreateGame.cpp
d:\moje dokumenty\studia\informatyka\sem4\gry komputerowe\astrosolver\thegame\creategame.cpp(72): warning C4305: 'argument': truncation from 'double' to 'GLfloat'
d:\moje dokumenty\studia\informatyka\sem4\gry komputerowe\astrosolver\thegame\creategame.cpp(93): warning C4305: 'argument': truncation from 'double' to 'GLfloat'
d:\moje dokumenty\studia\informatyka\sem4\gry komputerowe\astrosolver\thegame\creategame.cpp(320): warning C4305: 'argument': truncation from 'double' to 'float'
d:\moje dokumenty\studia\informatyka\sem4\gry komputerowe\astrosolver\thegame\creategame.cpp(361): warning C4305: 'argument': truncation from 'double' to 'float'
d:\moje dokumenty\studia\informatyka\sem4\gry komputerowe\astrosolver\thegame\creategame.cpp(362): warning C4305: 'argument': truncation from 'double' to 'float'
d:\moje dokumenty\studia\informatyka\sem4\gry komputerowe\astrosolver\thegame\creategame.cpp(374): warning C4305: 'argument': truncation from 'double' to 'float'
d:\moje dokumenty\studia\informatyka\sem4\gry komputerowe\astrosolver\thegame\creategame.cpp(419): warning C4305: 'argument': truncation from 'double' to 'float'
d:\moje dokumenty\studia\informatyka\sem4\gry komputerowe\astrosolver\thegame\creategame.cpp(420): warning C4305: 'argument': truncation from 'double' to 'float'
d:\moje dokumenty\studia\informatyka\sem4\gry komputerowe\astrosolver\thegame\creategame.cpp(432): warning C4244: '=': conversion from 'double' to 'float', possible loss of data
d:\moje dokumenty\studia\informatyka\sem4\gry komputerowe\astrosolver\thegame\creategame.cpp(437): warning C4305: 'argument': truncation from 'double' to 'float'
d:\moje dokumenty\studia\informatyka\sem4\gry komputerowe\astrosolver\thegame\creategame.cpp(440): warning C4305: 'argument': truncation from 'double' to 'float'
d:\moje dokumenty\studia\informatyka\sem4\gry komputerowe\astrosolver\thegame\creategame.cpp(502): warning C4305: 'argument': truncation from 'double' to 'float'
d:\moje dokumenty\studia\informatyka\sem4\gry komputerowe\astrosolver\thegame\creategame.cpp(503): warning C4305: 'argument': truncation from 'double' to 'float'
d:\moje dokumenty\studia\informatyka\sem4\gry komputerowe\astrosolver\thegame\creategame.cpp(515): warning C4244: '=': conversion from 'double' to 'float', possible loss of data
d:\moje dokumenty\studia\informatyka\sem4\gry komputerowe\astrosolver\thegame\creategame.cpp(516): warning C4244: '=': conversion from 'double' to 'float', possible loss of data
d:\moje dokumenty\studia\informatyka\sem4\gry komputerowe\astrosolver\thegame\creategame.cpp(523): warning C4305: 'argument': truncation from 'double' to 'float'
d:\moje dokumenty\studia\informatyka\sem4\gry komputerowe\astrosolver\thegame\creategame.cpp(526): warning C4305: 'argument': truncation from 'double' to 'float'
d:\moje dokumenty\studia\informatyka\sem4\gry komputerowe\astrosolver\thegame\creategame.cpp(588): warning C4305: 'argument': truncation from 'double' to 'float'
d:\moje dokumenty\studia\informatyka\sem4\gry komputerowe\astrosolver\thegame\creategame.cpp(589): warning C4305: 'argument': truncation from 'double' to 'float'
d:\moje dokumenty\studia\informatyka\sem4\gry komputerowe\astrosolver\thegame\creategame.cpp(606): warning C4244: '=': conversion from 'double' to 'float', possible loss of data
d:\moje dokumenty\studia\informatyka\sem4\gry komputerowe\astrosolver\thegame\creategame.cpp(609): warning C4305: 'argument': truncation from 'double' to 'float'
d:\moje dokumenty\studia\informatyka\sem4\gry komputerowe\astrosolver\thegame\creategame.cpp(612): warning C4305: 'argument': truncation from 'double' to 'float'
d:\moje dokumenty\studia\informatyka\sem4\gry komputerowe\astrosolver\thegame\creategame.cpp(615): warning C4305: 'argument': truncation from 'double' to 'float'
d:\moje dokumenty\studia\informatyka\sem4\gry komputerowe\astrosolver\thegame\creategame.cpp(684): warning C4305: 'argument': truncation from 'double' to 'float'
d:\moje dokumenty\studia\informatyka\sem4\gry komputerowe\astrosolver\thegame\creategame.cpp(685): warning C4305: 'argument': truncation from 'double' to 'float'
d:\moje dokumenty\studia\informatyka\sem4\gry komputerowe\astrosolver\thegame\creategame.cpp(700): warning C4305: 'argument': truncation from 'double' to 'float'
d:\moje dokumenty\studia\informatyka\sem4\gry komputerowe\astrosolver\thegame\creategame.cpp(703): warning C4305: 'argument': truncation from 'double' to 'float'
d:\moje dokumenty\studia\informatyka\sem4\gry komputerowe\astrosolver\thegame\creategame.cpp(706): warning C4305: 'argument': truncation from 'double' to 'float'
d:\moje dokumenty\studia\informatyka\sem4\gry komputerowe\astrosolver\thegame\creategame.cpp(709): warning C4305: 'argument': truncation from 'double' to 'float'
d:\moje dokumenty\studia\informatyka\sem4\gry komputerowe\astrosolver\thegame\creategame.cpp(712): warning C4305: 'argument': truncation from 'double' to 'float'
d:\moje dokumenty\studia\informatyka\sem4\gry komputerowe\astrosolver\thegame\creategame.cpp(741): warning C4804: '*=': unsafe use of type 'bool' in operation
d:\moje dokumenty\studia\informatyka\sem4\gry komputerowe\astrosolver\thegame\creategame.cpp(742): warning C4804: '*=': unsafe use of type 'bool' in operation
d:\moje dokumenty\studia\informatyka\sem4\gry komputerowe\astrosolver\thegame\creategame.cpp(743): warning C4804: '*=': unsafe use of type 'bool' in operation
d:\moje dokumenty\studia\informatyka\sem4\gry komputerowe\astrosolver\thegame\creategame.cpp(805): warning C4305: 'argument': truncation from 'double' to 'float'
d:\moje dokumenty\studia\informatyka\sem4\gry komputerowe\astrosolver\thegame\creategame.cpp(806): warning C4305: 'argument': truncation from 'double' to 'float'
d:\moje dokumenty\studia\informatyka\sem4\gry komputerowe\astrosolver\thegame\creategame.cpp(820): warning C4305: 'argument': truncation from 'double' to 'float'
d:\moje dokumenty\studia\informatyka\sem4\gry komputerowe\astrosolver\thegame\creategame.cpp(823): warning C4305: 'argument': truncation from 'double' to 'float'
d:\moje dokumenty\studia\informatyka\sem4\gry komputerowe\astrosolver\thegame\creategame.cpp(826): warning C4305: 'argument': truncation from 'double' to 'float'
d:\moje dokumenty\studia\informatyka\sem4\gry komputerowe\astrosolver\thegame\creategame.cpp(829): warning C4305: 'argument': truncation from 'double' to 'float'
d:\moje dokumenty\studia\informatyka\sem4\gry komputerowe\astrosolver\thegame\creategame.cpp(832): warning C4305: 'argument': truncation from 'double' to 'float'
d:\moje dokumenty\studia\informatyka\sem4\gry komputerowe\astrosolver\thegame\creategame.cpp(861): warning C4804: '*=': unsafe use of type 'bool' in operation
d:\moje dokumenty\studia\informatyka\sem4\gry komputerowe\astrosolver\thegame\creategame.cpp(862): warning C4804: '*=': unsafe use of type 'bool' in operation
d:\moje dokumenty\studia\informatyka\sem4\gry komputerowe\astrosolver\thegame\creategame.cpp(863): warning C4804: '*=': unsafe use of type 'bool' in operation
d:\moje dokumenty\studia\informatyka\sem4\gry komputerowe\astrosolver\thegame\creategame.cpp(864): warning C4804: '*=': unsafe use of type 'bool' in operation
d:\moje dokumenty\studia\informatyka\sem4\gry komputerowe\astrosolver\thegame\creategame.cpp(911): warning C4305: 'argument': truncation from 'double' to 'float'
d:\moje dokumenty\studia\informatyka\sem4\gry komputerowe\astrosolver\thegame\creategame.cpp(912): warning C4305: 'argument': truncation from 'double' to 'float'
d:\moje dokumenty\studia\informatyka\sem4\gry komputerowe\astrosolver\thegame\creategame.cpp(928): warning C4305: 'argument': truncation from 'double' to 'float'
d:\moje dokumenty\studia\informatyka\sem4\gry komputerowe\astrosolver\thegame\creategame.cpp(931): warning C4305: 'argument': truncation from 'double' to 'float'
d:\moje dokumenty\studia\informatyka\sem4\gry komputerowe\astrosolver\thegame\creategame.cpp(934): warning C4305: 'argument': truncation from 'double' to 'float'
d:\moje dokumenty\studia\informatyka\sem4\gry komputerowe\astrosolver\thegame\creategame.cpp(937): warning C4305: 'argument': truncation from 'double' to 'float'
d:\moje dokumenty\studia\informatyka\sem4\gry komputerowe\astrosolver\thegame\creategame.cpp(941): warning C4305: 'argument': truncation from 'double' to 'float'
d:\moje dokumenty\studia\informatyka\sem4\gry komputerowe\astrosolver\thegame\creategame.cpp(944): warning C4305: 'argument': truncation from 'double' to 'float'
d:\moje dokumenty\studia\informatyka\sem4\gry komputerowe\astrosolver\thegame\creategame.cpp(947): warning C4305: 'argument': truncation from 'double' to 'float'
d:\moje dokumenty\studia\informatyka\sem4\gry komputerowe\astrosolver\thegame\creategame.cpp(950): warning C4305: 'argument': truncation from 'double' to 'float'
d:\moje dokumenty\studia\informatyka\sem4\gry komputerowe\astrosolver\thegame\creategame.cpp(953): warning C4305: 'argument': truncation from 'double' to 'float'
d:\moje dokumenty\studia\informatyka\sem4\gry komputerowe\astrosolver\thegame\creategame.cpp(956): warning C4305: 'argument': truncation from 'double' to 'float'
d:\moje dokumenty\studia\informatyka\sem4\gry komputerowe\astrosolver\thegame\creategame.cpp(959): warning C4305: 'argument': truncation from 'double' to 'float'
d:\moje dokumenty\studia\informatyka\sem4\gry komputerowe\astrosolver\thegame\creategame.cpp(971): warning C4804: '*=': unsafe use of type 'bool' in operation
d:\moje dokumenty\studia\informatyka\sem4\gry komputerowe\astrosolver\thegame\creategame.cpp(972): warning C4804: '*=': unsafe use of type 'bool' in operation
d:\moje dokumenty\studia\informatyka\sem4\gry komputerowe\astrosolver\thegame\creategame.cpp(973): warning C4804: '*=': unsafe use of type 'bool' in operation
d:\moje dokumenty\studia\informatyka\sem4\gry komputerowe\astrosolver\thegame\creategame.cpp(974): warning C4804: '*=': unsafe use of type 'bool' in operation
d:\moje dokumenty\studia\informatyka\sem4\gry komputerowe\astrosolver\thegame\creategame.cpp(1020): warning C4804: '*=': unsafe use of type 'bool' in operation
d:\moje dokumenty\studia\informatyka\sem4\gry komputerowe\astrosolver\thegame\creategame.cpp(1021): warning C4804: '*=': unsafe use of type 'bool' in operation
d:\moje dokumenty\studia\informatyka\sem4\gry komputerowe\astrosolver\thegame\creategame.cpp(1022): warning C4804: '*=': unsafe use of type 'bool' in operation
d:\moje dokumenty\studia\informatyka\sem4\gry komputerowe\astrosolver\thegame\creategame.cpp(1023): warning C4804: '*=': unsafe use of type 'bool' in operation
d:\moje dokumenty\studia\informatyka\sem4\gry komputerowe\astrosolver\thegame\creategame.cpp(1024): warning C4804: '*=': unsafe use of type 'bool' in operation
d:\moje dokumenty\studia\informatyka\sem4\gry komputerowe\astrosolver\thegame\creategame.cpp(1093): warning C4305: '-=': truncation from 'double' to 'float'
d:\moje dokumenty\studia\informatyka\sem4\gry komputerowe\astrosolver\thegame\creategame.cpp(1094): warning C4305: '+=': truncation from 'double' to 'float'
d:\moje dokumenty\studia\informatyka\sem4\gry komputerowe\astrosolver\thegame\creategame.cpp(1101): warning C4305: '+=': truncation from 'double' to 'float'
d:\moje dokumenty\studia\informatyka\sem4\gry komputerowe\astrosolver\thegame\creategame.cpp(1102): warning C4305: '-=': truncation from 'double' to 'float'
d:\moje dokumenty\studia\informatyka\sem4\gry komputerowe\astrosolver\thegame\creategame.cpp(1109): warning C4305: '-=': truncation from 'double' to 'float'
d:\moje dokumenty\studia\informatyka\sem4\gry komputerowe\astrosolver\thegame\creategame.cpp(1110): warning C4305: '-=': truncation from 'double' to 'float'
d:\moje dokumenty\studia\informatyka\sem4\gry komputerowe\astrosolver\thegame\creategame.cpp(1205): warning C4305: 'argument': truncation from 'double' to 'float'
d:\moje dokumenty\studia\informatyka\sem4\gry komputerowe\astrosolver\thegame\creategame.cpp(1210): warning C4305: 'argument': truncation from 'double' to 'float'
d:\moje dokumenty\studia\informatyka\sem4\gry komputerowe\astrosolver\thegame\creategame.cpp(1211): warning C4305: 'argument': truncation from 'double' to 'float'
d:\moje dokumenty\studia\informatyka\sem4\gry komputerowe\astrosolver\thegame\creategame.cpp(1224): warning C4305: 'argument': truncation from 'double' to 'float'
d:\moje dokumenty\studia\informatyka\sem4\gry komputerowe\astrosolver\thegame\creategame.cpp(1225): warning C4244: '=': conversion from 'double' to 'float', possible loss of data
d:\moje dokumenty\studia\informatyka\sem4\gry komputerowe\astrosolver\thegame\creategame.cpp(1226): warning C4244: '=': conversion from 'double' to 'float', possible loss of data
d:\moje dokumenty\studia\informatyka\sem4\gry komputerowe\astrosolver\thegame\creategame.cpp(1227): warning C4244: '=': conversion from 'double' to 'float', possible loss of data
d:\moje dokumenty\studia\informatyka\sem4\gry komputerowe\astrosolver\thegame\creategame.cpp(1228): warning C4244: '=': conversion from 'double' to 'float', possible loss of data
  Crystal.cpp
d:\moje dokumenty\studia\informatyka\sem4\gry komputerowe\astrosolver\thegame\crystal.cpp(46): warning C4244: 'argument': conversion from 'double' to 'float', possible loss of data
d:\moje dokumenty\studia\informatyka\sem4\gry komputerowe\astrosolver\thegame\crystal.cpp(51): warning C4244: 'argument': conversion from 'double' to 'float', possible loss of data
d:\moje dokumenty\studia\informatyka\sem4\gry komputerowe\astrosolver\thegame\crystal.cpp(266): warning C4244: '=': conversion from 'double' to 'float', possible loss of data
  Level.cpp
d:\moje dokumenty\studia\informatyka\sem4\gry komputerowe\astrosolver\thegame\level.cpp(44): warning C4305: 'argument': truncation from 'double' to 'float'
d:\moje dokumenty\studia\informatyka\sem4\gry komputerowe\astrosolver\thegame\level.cpp(96): warning C4305: 'argument': truncation from 'double' to 'float'
d:\moje dokumenty\studia\informatyka\sem4\gry komputerowe\astrosolver\thegame\level.cpp(165): warning C4305: 'argument': truncation from 'double' to 'float'
d:\moje dokumenty\studia\informatyka\sem4\gry komputerowe\astrosolver\thegame\level.cpp(264): warning C4305: 'argument': truncation from 'double' to 'float'
d:\moje dokumenty\studia\informatyka\sem4\gry komputerowe\astrosolver\thegame\level.cpp(360): warning C4305: 'argument': truncation from 'double' to 'float'
d:\moje dokumenty\studia\informatyka\sem4\gry komputerowe\astrosolver\thegame\level.cpp(439): warning C4305: 'argument': truncation from 'double' to 'float'
d:\moje dokumenty\studia\informatyka\sem4\gry komputerowe\astrosolver\thegame\level.cpp(524): warning C4305: 'argument': truncation from 'double' to 'float'
d:\moje dokumenty\studia\informatyka\sem4\gry komputerowe\astrosolver\thegame\level.cpp(625): warning C4305: 'argument': truncation from 'double' to 'float'
  Menu.cpp
d:\moje dokumenty\studia\informatyka\sem4\gry komputerowe\astrosolver\thegame\menu.cpp(11): warning C4305: 'argument': truncation from 'double' to 'float'
  Panel.cpp
d:\moje dokumenty\studia\informatyka\sem4\gry komputerowe\astrosolver\thegame\panel.cpp(83): warning C4244: 'argument': conversion from 'double' to 'GLfloat', possible loss of data
d:\moje dokumenty\studia\informatyka\sem4\gry komputerowe\astrosolver\thegame\panel.cpp(85): warning C4244: 'argument': conversion from 'double' to 'GLfloat', possible loss of data
d:\moje dokumenty\studia\informatyka\sem4\gry komputerowe\astrosolver\thegame\panel.cpp(87): warning C4244: 'argument': conversion from 'double' to 'GLfloat', possible loss of data
d:\moje dokumenty\studia\informatyka\sem4\gry komputerowe\astrosolver\thegame\panel.cpp(89): warning C4244: 'argument': conversion from 'double' to 'GLfloat', possible loss of data
  Player.cpp
d:\moje dokumenty\studia\informatyka\sem4\gry komputerowe\astrosolver\thegame\player.cpp(10): warning C4305: 'argument': truncation from 'double' to 'float'
d:\moje dokumenty\studia\informatyka\sem4\gry komputerowe\astrosolver\thegame\player.cpp(19): warning C4244: '=': conversion from 'double' to 'float', possible loss of data
d:\moje dokumenty\studia\informatyka\sem4\gry komputerowe\astrosolver\thegame\player.cpp(128): warning C4018: '<': signed/unsigned mismatch
d:\moje dokumenty\studia\informatyka\sem4\gry komputerowe\astrosolver\thegame\player.cpp(190): warning C4018: '<': signed/unsigned mismatch
  Scene.cpp
d:\moje dokumenty\studia\informatyka\sem4\gry komputerowe\astrosolver\thegame\scene.cpp(36): warning C4018: '<': signed/unsigned mismatch
d:\moje dokumenty\studia\informatyka\sem4\gry komputerowe\astrosolver\thegame\scene.cpp(78): warning C4018: '<': signed/unsigned mismatch
d:\moje dokumenty\studia\informatyka\sem4\gry komputerowe\astrosolver\thegame\scene.cpp(81): warning C4018: '<': signed/unsigned mismatch
d:\moje dokumenty\studia\informatyka\sem4\gry komputerowe\astrosolver\thegame\scene.cpp(95): warning C4018: '<': signed/unsigned mismatch
d:\moje dokumenty\studia\informatyka\sem4\gry komputerowe\astrosolver\thegame\scene.cpp(107): warning C4018: '<': signed/unsigned mismatch
d:\moje dokumenty\studia\informatyka\sem4\gry komputerowe\astrosolver\thegame\scene.cpp(109): warning C4018: '<': signed/unsigned mismatch
  SceneObject.cpp
  TextureManager.cpp
  TheGame.cpp
  vec3.cpp
  Generating Code...
  TheGame.vcxproj -> D:\Moje dokumenty\Studia\Informatyka\Sem4\Gry Komputerowe\ASTROSOLVER\Debug\TheGame.exe
