d:\moje dokumenty\studia\informatyka\sem4\gry komputerowe\thegame2.2\thegame\debug\thegame.pch
d:\moje dokumenty\studia\informatyka\sem4\gry komputerowe\thegame2.2\thegame\debug\vc141.pdb
d:\moje dokumenty\studia\informatyka\sem4\gry komputerowe\thegame2.2\thegame\debug\vc141.idb
d:\moje dokumenty\studia\informatyka\sem4\gry komputerowe\thegame2.2\thegame\debug\stdafx.obj
d:\moje dokumenty\studia\informatyka\sem4\gry komputerowe\thegame2.2\thegame\debug\camera.obj
d:\moje dokumenty\studia\informatyka\sem4\gry komputerowe\thegame2.2\thegame\debug\map.obj
d:\moje dokumenty\studia\informatyka\sem4\gry komputerowe\thegame2.2\thegame\debug\player.obj
d:\moje dokumenty\studia\informatyka\sem4\gry komputerowe\thegame2.2\thegame\debug\scene.obj
d:\moje dokumenty\studia\informatyka\sem4\gry komputerowe\thegame2.2\thegame\debug\sceneobject.obj
d:\moje dokumenty\studia\informatyka\sem4\gry komputerowe\thegame2.2\thegame\debug\thegame.obj
d:\moje dokumenty\studia\informatyka\sem4\gry komputerowe\thegame2.2\thegame\debug\vec3.obj
d:\moje dokumenty\studia\informatyka\sem4\gry komputerowe\thegame2.2\thegame\debug\creategame.obj
d:\moje dokumenty\studia\informatyka\sem4\gry komputerowe\thegame2.3\thegame\debug\thegame.pch
d:\moje dokumenty\studia\informatyka\sem4\gry komputerowe\thegame2.3\thegame\debug\vc141.pdb
d:\moje dokumenty\studia\informatyka\sem4\gry komputerowe\thegame2.3\thegame\debug\vc141.idb
d:\moje dokumenty\studia\informatyka\sem4\gry komputerowe\thegame2.3\thegame\debug\stdafx.obj
d:\moje dokumenty\studia\informatyka\sem4\gry komputerowe\thegame2.3\thegame\debug\camera.obj
d:\moje dokumenty\studia\informatyka\sem4\gry komputerowe\thegame2.3\thegame\debug\map.obj
d:\moje dokumenty\studia\informatyka\sem4\gry komputerowe\thegame2.3\thegame\debug\player.obj
d:\moje dokumenty\studia\informatyka\sem4\gry komputerowe\thegame2.3\thegame\debug\scene.obj
d:\moje dokumenty\studia\informatyka\sem4\gry komputerowe\thegame2.3\thegame\debug\sceneobject.obj
d:\moje dokumenty\studia\informatyka\sem4\gry komputerowe\thegame2.3\thegame\debug\thegame.obj
d:\moje dokumenty\studia\informatyka\sem4\gry komputerowe\thegame2.3\thegame\debug\vec3.obj
d:\moje dokumenty\studia\informatyka\sem4\gry komputerowe\thegame2.3\thegame\debug\creategame.obj
d:\moje dokumenty\studia\informatyka\sem4\gry komputerowe\thegame2.3\thegame\debug\crystal.obj
d:\moje dokumenty\studia\informatyka\sem4\gry komputerowe\thegame2.4\thegame\debug\thegame.pch
d:\moje dokumenty\studia\informatyka\sem4\gry komputerowe\thegame2.4\thegame\debug\vc141.pdb
d:\moje dokumenty\studia\informatyka\sem4\gry komputerowe\thegame2.4\thegame\debug\vc141.idb
d:\moje dokumenty\studia\informatyka\sem4\gry komputerowe\thegame2.4\thegame\debug\stdafx.obj
d:\moje dokumenty\studia\informatyka\sem4\gry komputerowe\thegame2.4\thegame\debug\camera.obj
d:\moje dokumenty\studia\informatyka\sem4\gry komputerowe\thegame2.4\thegame\debug\crystal.obj
d:\moje dokumenty\studia\informatyka\sem4\gry komputerowe\thegame2.4\thegame\debug\player.obj
d:\moje dokumenty\studia\informatyka\sem4\gry komputerowe\thegame2.4\thegame\debug\scene.obj
d:\moje dokumenty\studia\informatyka\sem4\gry komputerowe\thegame2.4\thegame\debug\sceneobject.obj
d:\moje dokumenty\studia\informatyka\sem4\gry komputerowe\thegame2.4\thegame\debug\texturemanager.obj
d:\moje dokumenty\studia\informatyka\sem4\gry komputerowe\thegame2.4\thegame\debug\thegame.obj
d:\moje dokumenty\studia\informatyka\sem4\gry komputerowe\thegame2.4\thegame\debug\vec3.obj
d:\moje dokumenty\studia\informatyka\sem4\gry komputerowe\thegame2.4\thegame\debug\creategame.obj
d:\moje dokumenty\studia\informatyka\sem4\gry komputerowe\thegame2.4\thegame\debug\background.obj
d:\moje dokumenty\studia\informatyka\sem4\gry komputerowe\thegame2.5\thegame\debug\thegame.pch
d:\moje dokumenty\studia\informatyka\sem4\gry komputerowe\thegame2.5\thegame\debug\vc141.pdb
d:\moje dokumenty\studia\informatyka\sem4\gry komputerowe\thegame2.5\thegame\debug\vc141.idb
d:\moje dokumenty\studia\informatyka\sem4\gry komputerowe\thegame2.5\thegame\debug\stdafx.obj
d:\moje dokumenty\studia\informatyka\sem4\gry komputerowe\thegame2.5\thegame\debug\background.obj
d:\moje dokumenty\studia\informatyka\sem4\gry komputerowe\thegame2.5\thegame\debug\camera.obj
d:\moje dokumenty\studia\informatyka\sem4\gry komputerowe\thegame2.5\thegame\debug\sceneobject.obj
d:\moje dokumenty\studia\informatyka\sem4\gry komputerowe\thegame2.5\thegame\debug\texturemanager.obj
d:\moje dokumenty\studia\informatyka\sem4\gry komputerowe\thegame2.5\thegame\debug\thegame.obj
d:\moje dokumenty\studia\informatyka\sem4\gry komputerowe\thegame2.5\thegame\debug\vec3.obj
d:\moje dokumenty\studia\informatyka\sem4\gry komputerowe\thegame2.5\thegame\debug\player.obj
d:\moje dokumenty\studia\informatyka\sem4\gry komputerowe\thegame2.5\thegame\debug\crystal.obj
d:\moje dokumenty\studia\informatyka\sem4\gry komputerowe\thegame2.5\thegame\debug\creategame.obj
d:\moje dokumenty\studia\informatyka\sem4\gry komputerowe\thegame2.5\thegame\debug\scene.obj
d:\moje dokumenty\studia\informatyka\sem4\gry komputerowe\thegame2.6\thegame\debug\thegame.pch
d:\moje dokumenty\studia\informatyka\sem4\gry komputerowe\thegame2.6\thegame\debug\vc141.pdb
d:\moje dokumenty\studia\informatyka\sem4\gry komputerowe\thegame2.6\thegame\debug\vc141.idb
d:\moje dokumenty\studia\informatyka\sem4\gry komputerowe\thegame2.6\thegame\debug\stdafx.obj
d:\moje dokumenty\studia\informatyka\sem4\gry komputerowe\thegame2.6\thegame\debug\background.obj
d:\moje dokumenty\studia\informatyka\sem4\gry komputerowe\thegame2.6\thegame\debug\camera.obj
d:\moje dokumenty\studia\informatyka\sem4\gry komputerowe\thegame2.6\thegame\debug\crystal.obj
d:\moje dokumenty\studia\informatyka\sem4\gry komputerowe\thegame2.6\thegame\debug\player.obj
d:\moje dokumenty\studia\informatyka\sem4\gry komputerowe\thegame2.6\thegame\debug\sceneobject.obj
d:\moje dokumenty\studia\informatyka\sem4\gry komputerowe\thegame2.6\thegame\debug\texturemanager.obj
d:\moje dokumenty\studia\informatyka\sem4\gry komputerowe\thegame2.6\thegame\debug\thegame.obj
d:\moje dokumenty\studia\informatyka\sem4\gry komputerowe\thegame2.6\thegame\debug\vec3.obj
d:\moje dokumenty\studia\informatyka\sem4\gry komputerowe\thegame2.6\thegame\debug\scene.obj
d:\moje dokumenty\studia\informatyka\sem4\gry komputerowe\thegame2.6\thegame\debug\level.obj
d:\moje dokumenty\studia\informatyka\sem4\gry komputerowe\thegame2.6\thegame\debug\creategame.obj
d:\moje dokumenty\studia\informatyka\sem4\gry komputerowe\thegame2.7\thegame\debug\thegame.pch
d:\moje dokumenty\studia\informatyka\sem4\gry komputerowe\thegame2.7\thegame\debug\vc141.pdb
d:\moje dokumenty\studia\informatyka\sem4\gry komputerowe\thegame2.7\thegame\debug\vc141.idb
d:\moje dokumenty\studia\informatyka\sem4\gry komputerowe\thegame2.7\thegame\debug\stdafx.obj
d:\moje dokumenty\studia\informatyka\sem4\gry komputerowe\thegame2.7\thegame\debug\background.obj
d:\moje dokumenty\studia\informatyka\sem4\gry komputerowe\thegame2.7\thegame\debug\camera.obj
d:\moje dokumenty\studia\informatyka\sem4\gry komputerowe\thegame2.7\thegame\debug\crystal.obj
d:\moje dokumenty\studia\informatyka\sem4\gry komputerowe\thegame2.7\thegame\debug\exit.obj
d:\moje dokumenty\studia\informatyka\sem4\gry komputerowe\thegame2.7\thegame\debug\level.obj
d:\moje dokumenty\studia\informatyka\sem4\gry komputerowe\thegame2.7\thegame\debug\player.obj
d:\moje dokumenty\studia\informatyka\sem4\gry komputerowe\thegame2.7\thegame\debug\scene.obj
d:\moje dokumenty\studia\informatyka\sem4\gry komputerowe\thegame2.7\thegame\debug\sceneobject.obj
d:\moje dokumenty\studia\informatyka\sem4\gry komputerowe\thegame2.7\thegame\debug\texturemanager.obj
d:\moje dokumenty\studia\informatyka\sem4\gry komputerowe\thegame2.7\thegame\debug\thegame.obj
d:\moje dokumenty\studia\informatyka\sem4\gry komputerowe\thegame2.7\thegame\debug\vec3.obj
d:\moje dokumenty\studia\informatyka\sem4\gry komputerowe\thegame2.7\thegame\debug\creategame.obj
d:\moje dokumenty\studia\informatyka\sem4\gry komputerowe\thegame2.8\thegame\debug\thegame.pch
d:\moje dokumenty\studia\informatyka\sem4\gry komputerowe\thegame2.8\thegame\debug\vc141.pdb
d:\moje dokumenty\studia\informatyka\sem4\gry komputerowe\thegame2.8\thegame\debug\vc141.idb
d:\moje dokumenty\studia\informatyka\sem4\gry komputerowe\thegame2.8\thegame\debug\stdafx.obj
d:\moje dokumenty\studia\informatyka\sem4\gry komputerowe\thegame2.8\thegame\debug\background.obj
d:\moje dokumenty\studia\informatyka\sem4\gry komputerowe\thegame2.8\thegame\debug\camera.obj
d:\moje dokumenty\studia\informatyka\sem4\gry komputerowe\thegame2.8\thegame\debug\creategame.obj
d:\moje dokumenty\studia\informatyka\sem4\gry komputerowe\thegame2.8\thegame\debug\exit.obj
d:\moje dokumenty\studia\informatyka\sem4\gry komputerowe\thegame2.8\thegame\debug\level.obj
d:\moje dokumenty\studia\informatyka\sem4\gry komputerowe\thegame2.8\thegame\debug\player.obj
d:\moje dokumenty\studia\informatyka\sem4\gry komputerowe\thegame2.8\thegame\debug\sceneobject.obj
d:\moje dokumenty\studia\informatyka\sem4\gry komputerowe\thegame2.8\thegame\debug\texturemanager.obj
d:\moje dokumenty\studia\informatyka\sem4\gry komputerowe\thegame2.8\thegame\debug\thegame.obj
d:\moje dokumenty\studia\informatyka\sem4\gry komputerowe\thegame2.8\thegame\debug\vec3.obj
d:\moje dokumenty\studia\informatyka\sem4\gry komputerowe\thegame2.8\thegame\debug\crystal.obj
d:\moje dokumenty\studia\informatyka\sem4\gry komputerowe\thegame2.8\thegame\debug\scene.obj
d:\moje dokumenty\studia\informatyka\sem4\gry komputerowe\thegame2.9\thegame\debug\thegame.pch
d:\moje dokumenty\studia\informatyka\sem4\gry komputerowe\thegame2.9\thegame\debug\vc141.pdb
d:\moje dokumenty\studia\informatyka\sem4\gry komputerowe\thegame2.9\thegame\debug\vc141.idb
d:\moje dokumenty\studia\informatyka\sem4\gry komputerowe\thegame2.9\thegame\debug\stdafx.obj
d:\moje dokumenty\studia\informatyka\sem4\gry komputerowe\thegame2.9\thegame\debug\background.obj
d:\moje dokumenty\studia\informatyka\sem4\gry komputerowe\thegame2.9\thegame\debug\camera.obj
d:\moje dokumenty\studia\informatyka\sem4\gry komputerowe\thegame2.9\thegame\debug\creategame.obj
d:\moje dokumenty\studia\informatyka\sem4\gry komputerowe\thegame2.9\thegame\debug\crystal.obj
d:\moje dokumenty\studia\informatyka\sem4\gry komputerowe\thegame2.9\thegame\debug\panel.obj
d:\moje dokumenty\studia\informatyka\sem4\gry komputerowe\thegame2.9\thegame\debug\level.obj
d:\moje dokumenty\studia\informatyka\sem4\gry komputerowe\thegame2.9\thegame\debug\player.obj
d:\moje dokumenty\studia\informatyka\sem4\gry komputerowe\thegame2.9\thegame\debug\scene.obj
d:\moje dokumenty\studia\informatyka\sem4\gry komputerowe\thegame2.9\thegame\debug\sceneobject.obj
d:\moje dokumenty\studia\informatyka\sem4\gry komputerowe\thegame2.9\thegame\debug\texturemanager.obj
d:\moje dokumenty\studia\informatyka\sem4\gry komputerowe\thegame2.9\thegame\debug\thegame.obj
d:\moje dokumenty\studia\informatyka\sem4\gry komputerowe\thegame2.9\thegame\debug\vec3.obj
d:\moje dokumenty\studia\informatyka\sem4\gry komputerowe\thegame3.0\thegame\debug\thegame.pch
d:\moje dokumenty\studia\informatyka\sem4\gry komputerowe\thegame3.0\thegame\debug\vc141.pdb
d:\moje dokumenty\studia\informatyka\sem4\gry komputerowe\thegame3.0\thegame\debug\vc141.idb
d:\moje dokumenty\studia\informatyka\sem4\gry komputerowe\thegame3.0\thegame\debug\stdafx.obj
d:\moje dokumenty\studia\informatyka\sem4\gry komputerowe\thegame3.0\thegame\debug\background.obj
d:\moje dokumenty\studia\informatyka\sem4\gry komputerowe\thegame3.0\thegame\debug\camera.obj
d:\moje dokumenty\studia\informatyka\sem4\gry komputerowe\thegame3.0\thegame\debug\creategame.obj
d:\moje dokumenty\studia\informatyka\sem4\gry komputerowe\thegame3.0\thegame\debug\crystal.obj
d:\moje dokumenty\studia\informatyka\sem4\gry komputerowe\thegame3.0\thegame\debug\menu.obj
d:\moje dokumenty\studia\informatyka\sem4\gry komputerowe\thegame3.0\thegame\debug\panel.obj
d:\moje dokumenty\studia\informatyka\sem4\gry komputerowe\thegame3.0\thegame\debug\scene.obj
d:\moje dokumenty\studia\informatyka\sem4\gry komputerowe\thegame3.0\thegame\debug\sceneobject.obj
d:\moje dokumenty\studia\informatyka\sem4\gry komputerowe\thegame3.0\thegame\debug\texturemanager.obj
d:\moje dokumenty\studia\informatyka\sem4\gry komputerowe\thegame3.0\thegame\debug\thegame.obj
d:\moje dokumenty\studia\informatyka\sem4\gry komputerowe\thegame3.0\thegame\debug\vec3.obj
d:\moje dokumenty\studia\informatyka\sem4\gry komputerowe\thegame3.0\thegame\debug\level.obj
d:\moje dokumenty\studia\informatyka\sem4\gry komputerowe\thegame3.0\thegame\debug\player.obj
d:\moje dokumenty\studia\informatyka\sem4\gry komputerowe\astrosolver\thegame\debug\thegame.pch
d:\moje dokumenty\studia\informatyka\sem4\gry komputerowe\astrosolver\thegame\debug\vc141.pdb
d:\moje dokumenty\studia\informatyka\sem4\gry komputerowe\astrosolver\thegame\debug\vc141.idb
d:\moje dokumenty\studia\informatyka\sem4\gry komputerowe\astrosolver\thegame\debug\stdafx.obj
d:\moje dokumenty\studia\informatyka\sem4\gry komputerowe\astrosolver\thegame\debug\background.obj
d:\moje dokumenty\studia\informatyka\sem4\gry komputerowe\astrosolver\thegame\debug\camera.obj
d:\moje dokumenty\studia\informatyka\sem4\gry komputerowe\astrosolver\thegame\debug\creategame.obj
d:\moje dokumenty\studia\informatyka\sem4\gry komputerowe\astrosolver\thegame\debug\crystal.obj
d:\moje dokumenty\studia\informatyka\sem4\gry komputerowe\astrosolver\thegame\debug\menu.obj
d:\moje dokumenty\studia\informatyka\sem4\gry komputerowe\astrosolver\thegame\debug\panel.obj
d:\moje dokumenty\studia\informatyka\sem4\gry komputerowe\astrosolver\thegame\debug\level.obj
d:\moje dokumenty\studia\informatyka\sem4\gry komputerowe\astrosolver\thegame\debug\player.obj
d:\moje dokumenty\studia\informatyka\sem4\gry komputerowe\astrosolver\thegame\debug\scene.obj
d:\moje dokumenty\studia\informatyka\sem4\gry komputerowe\astrosolver\thegame\debug\sceneobject.obj
d:\moje dokumenty\studia\informatyka\sem4\gry komputerowe\astrosolver\thegame\debug\texturemanager.obj
d:\moje dokumenty\studia\informatyka\sem4\gry komputerowe\astrosolver\thegame\debug\thegame.obj
d:\moje dokumenty\studia\informatyka\sem4\gry komputerowe\astrosolver\thegame\debug\vec3.obj
d:\moje dokumenty\studia\informatyka\sem4\gry komputerowe\thegame2.2\debug\thegame.exe
d:\moje dokumenty\studia\informatyka\sem4\gry komputerowe\thegame2.2\debug\thegame.ilk
d:\moje dokumenty\studia\informatyka\sem4\gry komputerowe\thegame2.2\debug\thegame.pdb
d:\moje dokumenty\studia\informatyka\sem4\gry komputerowe\thegame2.3\debug\thegame.exe
d:\moje dokumenty\studia\informatyka\sem4\gry komputerowe\thegame2.3\debug\thegame.ilk
d:\moje dokumenty\studia\informatyka\sem4\gry komputerowe\thegame2.3\debug\thegame.pdb
d:\moje dokumenty\studia\informatyka\sem4\gry komputerowe\thegame2.4\debug\thegame.exe
d:\moje dokumenty\studia\informatyka\sem4\gry komputerowe\thegame2.4\debug\thegame.ilk
d:\moje dokumenty\studia\informatyka\sem4\gry komputerowe\thegame2.4\debug\thegame.pdb
d:\moje dokumenty\studia\informatyka\sem4\gry komputerowe\thegame2.5\debug\thegame.exe
d:\moje dokumenty\studia\informatyka\sem4\gry komputerowe\thegame2.5\debug\thegame.ilk
d:\moje dokumenty\studia\informatyka\sem4\gry komputerowe\thegame2.5\debug\thegame.pdb
d:\moje dokumenty\studia\informatyka\sem4\gry komputerowe\thegame2.6\debug\thegame.exe
d:\moje dokumenty\studia\informatyka\sem4\gry komputerowe\thegame2.6\debug\thegame.ilk
d:\moje dokumenty\studia\informatyka\sem4\gry komputerowe\thegame2.6\debug\thegame.pdb
d:\moje dokumenty\studia\informatyka\sem4\gry komputerowe\thegame2.7\debug\thegame.exe
d:\moje dokumenty\studia\informatyka\sem4\gry komputerowe\thegame2.7\debug\thegame.ilk
d:\moje dokumenty\studia\informatyka\sem4\gry komputerowe\thegame2.7\debug\thegame.pdb
d:\moje dokumenty\studia\informatyka\sem4\gry komputerowe\thegame2.8\debug\thegame.exe
d:\moje dokumenty\studia\informatyka\sem4\gry komputerowe\thegame2.8\debug\thegame.ilk
d:\moje dokumenty\studia\informatyka\sem4\gry komputerowe\thegame2.8\debug\thegame.pdb
d:\moje dokumenty\studia\informatyka\sem4\gry komputerowe\thegame2.9\debug\thegame.exe
d:\moje dokumenty\studia\informatyka\sem4\gry komputerowe\thegame2.9\debug\thegame.ilk
d:\moje dokumenty\studia\informatyka\sem4\gry komputerowe\thegame2.9\debug\thegame.pdb
d:\moje dokumenty\studia\informatyka\sem4\gry komputerowe\thegame3.0\debug\thegame.exe
d:\moje dokumenty\studia\informatyka\sem4\gry komputerowe\thegame3.0\debug\thegame.ilk
d:\moje dokumenty\studia\informatyka\sem4\gry komputerowe\thegame3.0\debug\thegame.pdb
d:\moje dokumenty\studia\informatyka\sem4\gry komputerowe\astrosolver\debug\thegame.exe
d:\moje dokumenty\studia\informatyka\sem4\gry komputerowe\astrosolver\debug\thegame.ilk
d:\moje dokumenty\studia\informatyka\sem4\gry komputerowe\astrosolver\debug\thegame.pdb
d:\moje dokumenty\studia\informatyka\sem4\gry komputerowe\astrosolver\thegame\debug\exit.obj
d:\moje dokumenty\studia\informatyka\sem4\gry komputerowe\astrosolver\thegame\debug\map.obj
d:\moje dokumenty\studia\informatyka\sem4\gry komputerowe\astrosolver\thegame\debug\creategame.obj.enc
d:\moje dokumenty\studia\informatyka\sem4\gry komputerowe\astrosolver\thegame\debug\level.obj.enc
d:\moje dokumenty\studia\informatyka\sem4\gry komputerowe\astrosolver\thegame\debug\thegame.tlog\cl.command.1.tlog
d:\moje dokumenty\studia\informatyka\sem4\gry komputerowe\astrosolver\thegame\debug\thegame.tlog\cl.read.1.tlog
d:\moje dokumenty\studia\informatyka\sem4\gry komputerowe\astrosolver\thegame\debug\thegame.tlog\cl.write.1.tlog
d:\moje dokumenty\studia\informatyka\sem4\gry komputerowe\astrosolver\thegame\debug\thegame.tlog\link.command.1.tlog
d:\moje dokumenty\studia\informatyka\sem4\gry komputerowe\astrosolver\thegame\debug\thegame.tlog\link.read.1.tlog
d:\moje dokumenty\studia\informatyka\sem4\gry komputerowe\astrosolver\thegame\debug\thegame.tlog\link.write.1.tlog
